Database closed.
Database dismounted.
ORACLE instance shut down.
ORACLE instance started.

Total System Global Area 1071333376 bytes                                       
Fixed Size                  1388352 bytes                                       
Variable Size             742392000 bytes                                       
Database Buffers          322961408 bytes                                       
Redo Buffers                4591616 bytes                                       
Database mounted.
Database opened.

Database altered.

Database closed.
Database dismounted.
ORACLE instance shut down.
ORACLE instance started.

Total System Global Area 1071333376 bytes                                       
Fixed Size                  1388352 bytes                                       
Variable Size             742392000 bytes                                       
Database Buffers          322961408 bytes                                       
Redo Buffers                4591616 bytes                                       
Database mounted.
Database opened.

User dropped.


Profile altered.


User created.


Grant succeeded.


Grant succeeded.

